Sender: LSF System <lsfadmin@stem-cluster-17>
Subject: Job 649415: <#!/bin/bash ;#BSUB -q largemem;#BSUB -o visibility.out ;#BSUB -e visibility.err  ;#BSUB -n 30;#BSUB -R "defined(gpu)";#BSUB -R "rusage[mem=40000]"; export OMP_SET_NUM_THREADS=30; ./visibility; rm *part*> in cluster <stem> Done

Job <#!/bin/bash ;#BSUB -q largemem;#BSUB -o visibility.out ;#BSUB -e visibility.err  ;#BSUB -n 30;#BSUB -R "defined(gpu)";#BSUB -R "rusage[mem=40000]"; export OMP_SET_NUM_THREADS=30; ./visibility; rm *part*> was submitted from host <stem-cluster-lsf.open.ac.uk> by user <slj362> in cluster <stem>.
Job was executed on host(s) <30*stem-cluster-17>, in queue <largemem>, as user <slj362> in cluster <stem>.
</home/stem/slj362> was used as the home directory.
</STEM/scratch.san/slj362/ATPM> was used as the working directory.
Started at Results reported on 
Your job looked like:

------------------------------------------------------------
# LSBATCH: User input
#!/bin/bash 
#BSUB -q largemem
#BSUB -o visibility.out 
#BSUB -e visibility.err  
#BSUB -n 30
#BSUB -R "defined(gpu)"
#BSUB -R "rusage[mem=40000]"

export OMP_SET_NUM_THREADS=30;
./visibility;
rm *part*;


------------------------------------------------------------

Successfully completed.

Resource usage summary:

    CPU time :                                   1024.98 sec.
    Max Memory :                                 11632 MB
    Average Memory :                             5347.30 MB
    Total Requested Memory :                     40000.00 MB
    Delta Memory :                               28368.00 MB
    Max Swap :                                   -
    Max Processes :                              4
    Max Threads :                                26
    Run time :                                   211 sec.
    Turnaround time :                            416 sec.

The output (if any) follows:



PS:

Read file <visibility.err> for stderr output of this job.

